[0m12:21:55.678158 [debug] [MainThread]: Sending event: {'category': 'dbt', 'action': 'invocation', 'label': 'start', 'context': [<snowplow_tracker.self_describing_json.SelfDescribingJson object at 0x0000023E32151250>, <snowplow_tracker.self_describing_json.SelfDescribingJson object at 0x0000023E3473FEF0>, <snowplow_tracker.self_describing_json.SelfDescribingJson object at 0x0000023E3473CB30>]}


============================== 12:21:55.691537 | 2e618615-4e37-476a-a3d1-e8f7ae9126b4 ==============================
[0m12:21:55.691537 [info ] [MainThread]: Running with dbt=1.12.0-b1
[0m12:21:55.691537 [debug] [MainThread]: running dbt with arguments {'version_check': 'True', 'no_print': 'None', 'static_parser': 'True', 'warn_error_options': 'WarnErrorOptionsV2(error=[], warn=[], silence=[])', 'target_path': 'None', 'printer_width': '80', 'write_json': 'True', 'introspect': 'True', 'log_cache_events': 'False', 'empty': 'None', 'cache_selected_only': 'False', 'log_format': 'default', 'debug': 'False', 'fail_fast': 'False', 'partial_parse': 'True', 'send_anonymous_usage_stats': 'True', 'quiet': 'False', 'warn_error': 'None', 'profiles_dir': 'C:\\Users\\Liew ChengMing\\.dbt', 'invocation_command': 'dbt init', 'indirect_selection': 'eager', 'use_colors': 'True', 'use_experimental_parser': 'False', 'log_path': 'logs'}
[0m12:22:10.766596 [debug] [MainThread]: Starter project path: C:\Users\Liew ChengMing\netflix-analysis\env\Lib\site-packages\dbt\include\starter_project
[0m12:22:10.791757 [info ] [MainThread]: Setting up your profile.
[0m12:23:46.406721 [info ] [MainThread]: Profile netflix_analysis_project written to C:\Users\Liew ChengMing\.dbt\profiles.yml using target's profile_template.yml and your supplied values.
[0m12:23:46.425574 [info ] [MainThread]: Running dbt debug to validate the project...
[0m12:23:46.426573 [info ] [MainThread]: dbt version: 1.12.0-b1
[0m12:23:46.427538 [info ] [MainThread]: python version: 3.12.10
[0m12:23:46.428543 [info ] [MainThread]: python path: C:\Users\Liew ChengMing\netflix-analysis\env\Scripts\python.exe
[0m12:23:46.428543 [info ] [MainThread]: os info: Windows-11-10.0.26200-SP0
[0m12:23:46.474846 [info ] [MainThread]: Using profiles dir at C:\Users\Liew ChengMing\.dbt
[0m12:23:46.474846 [info ] [MainThread]: Using profiles.yml file at C:\Users\Liew ChengMing\.dbt\profiles.yml
[0m12:23:46.475810 [info ] [MainThread]: Using dbt_project.yml file at C:\Users\Liew ChengMing\netflix-analysis\netflix_analysis_project\dbt_project.yml
[0m12:23:46.482845 [info ] [MainThread]: adapter type: postgres
[0m12:23:46.484384 [info ] [MainThread]: adapter version: 1.10.0
[0m12:23:46.602944 [info ] [MainThread]: Configuration:
[0m12:23:46.603943 [info ] [MainThread]:   profiles.yml file [[32mOK found and valid[0m]
[0m12:23:46.604978 [info ] [MainThread]:   dbt_project.yml file [[32mOK found and valid[0m]
[0m12:23:46.604978 [info ] [MainThread]: Required dependencies:
[0m12:23:46.605942 [debug] [MainThread]: Executing "git --help"
[0m12:23:46.630788 [debug] [MainThread]: STDOUT: "b"usage: git [-v | --version] [-h | --help] [-C <path>] [-c <name>=<value>]\n           [--exec-path[=<path>]] [--html-path] [--man-path] [--info-path]\n           [-p | --paginate | -P | --no-pager] [--no-replace-objects] [--bare]\n           [--git-dir=<path>] [--work-tree=<path>] [--namespace=<name>]\n           [--config-env=<name>=<envvar>] <command> [<args>]\n\nThese are common Git commands used in various situations:\n\nstart a working area (see also: git help tutorial)\n   clone     Clone a repository into a new directory\n   init      Create an empty Git repository or reinitialize an existing one\n\nwork on the current change (see also: git help everyday)\n   add       Add file contents to the index\n   mv        Move or rename a file, a directory, or a symlink\n   restore   Restore working tree files\n   rm        Remove files from the working tree and from the index\n\nexamine the history and state (see also: git help revisions)\n   bisect    Use binary search to find the commit that introduced a bug\n   diff      Show changes between commits, commit and working tree, etc\n   grep      Print lines matching a pattern\n   log       Show commit logs\n   show      Show various types of objects\n   status    Show the working tree status\n\ngrow, mark and tweak your common history\n   branch    List, create, or delete branches\n   commit    Record changes to the repository\n   merge     Join two or more development histories together\n   rebase    Reapply commits on top of another base tip\n   reset     Reset current HEAD to the specified state\n   switch    Switch branches\n   tag       Create, list, delete or verify a tag object signed with GPG\n\ncollaborate (see also: git help workflows)\n   fetch     Download objects and refs from another repository\n   pull      Fetch from and integrate with another repository or a local branch\n   push      Update remote refs along with associated objects\n\n'git help -a' and 'git help -g' list available subcommands and some\nconcept guides. See 'git help <command>' or 'git help <concept>'\nto read about a specific subcommand or concept.\nSee 'git help git' for an overview of the system.\n""
[0m12:23:46.630788 [debug] [MainThread]: STDERR: "b''"
[0m12:23:46.630788 [info ] [MainThread]:  - git [[32mOK found[0m]

[0m12:23:46.631789 [info ] [MainThread]: Connection:
[0m12:23:46.631789 [info ] [MainThread]:   host: destination_postgres_db
[0m12:23:46.632790 [info ] [MainThread]:   port: 5432
[0m12:23:46.632790 [info ] [MainThread]:   user: user
[0m12:23:46.632790 [info ] [MainThread]:   database: netflix_db
[0m12:23:46.633789 [info ] [MainThread]:   schema: dev
[0m12:23:46.633789 [info ] [MainThread]:   connect_timeout: 10
[0m12:23:46.633789 [info ] [MainThread]:   role: None
[0m12:23:46.634789 [info ] [MainThread]:   search_path: None
[0m12:23:46.634789 [info ] [MainThread]:   keepalives_idle: 0
[0m12:23:46.634789 [info ] [MainThread]:   sslmode: None
[0m12:23:46.635789 [info ] [MainThread]:   sslcert: None
[0m12:23:46.635789 [info ] [MainThread]:   sslkey: None
[0m12:23:46.635789 [info ] [MainThread]:   sslrootcert: None
[0m12:23:46.636790 [info ] [MainThread]:   application_name: dbt
[0m12:23:46.636790 [info ] [MainThread]:   retries: 1
[0m12:23:46.637804 [info ] [MainThread]: Registered adapter: postgres=1.10.0
[0m12:23:47.007841 [debug] [MainThread]: Acquiring new postgres connection 'debug'
[0m12:23:49.257185 [debug] [MainThread]: Using postgres connection "debug"
[0m12:23:49.258185 [debug] [MainThread]: On debug: select 1 as id
[0m12:23:49.258185 [debug] [MainThread]: Opening a new connection, currently in state init
[0m12:23:50.529517 [debug] [MainThread]: Postgres adapter: Got a retryable error when attempting to open a postgres connection.
1 attempts remaining. Retrying in 0 seconds.
Error:
could not translate host name "destination_postgres_db" to address: Name or service not known

[0m12:23:51.670050 [debug] [MainThread]: Postgres adapter: Error running SQL: select 1 as id
[0m12:23:51.672073 [debug] [MainThread]: Postgres adapter: Rolling back transaction.
[0m12:23:51.673592 [debug] [MainThread]: On debug: No close available on handle
[0m12:23:51.675615 [info ] [MainThread]:   Connection test: [[31mERROR[0m]

[0m12:23:51.677660 [info ] [MainThread]: [31m1 check failed:[0m
[0m12:23:51.679622 [info ] [MainThread]: dbt was unable to connect to the specified database.
The database returned the following error:

  >Database Error
  could not translate host name "destination_postgres_db" to address: Name or service not known
  

Check your database credentials and try again. For more information, visit:
https://docs.getdbt.com/docs/configure-your-profile


[0m12:23:51.681621 [info ] [MainThread]: Your new dbt project "netflix_analysis_project" was created!
Initialized new project in C:\Users\Liew ChengMing\netflix-analysis\netflix_analysis_project\netflix_analysis_project

For more information on how to configure the profiles.yml file,
please consult the dbt documentation here:

  https://docs.getdbt.com/docs/configure-your-profile

One more thing:

Need help? Don't hesitate to reach out to us via GitHub issues or on Slack:

  https://community.getdbt.com/

Happy modeling!

[0m12:23:51.684137 [info ] [MainThread]: [31mYour profile may need adjustments. You can find the logs of `dbt debug` above[0m
[0m12:23:51.688985 [debug] [MainThread]: Command `dbt init` succeeded at 12:23:51.688985 after 116.14 seconds
[0m12:23:51.690958 [debug] [MainThread]: Connection 'debug' was properly closed.
[0m12:23:51.690958 [debug] [MainThread]: Sending event: {'category': 'dbt', 'action': 'invocation', 'label': 'end', 'context': [<snowplow_tracker.self_describing_json.SelfDescribingJson object at 0x0000023E34D01C70>, <snowplow_tracker.self_describing_json.SelfDescribingJson object at 0x0000023E3630D8B0>, <snowplow_tracker.self_describing_json.SelfDescribingJson object at 0x0000023E364CA570>]}
[0m12:23:51.691969 [debug] [MainThread]: Flushing usage events
[0m12:23:53.323720 [debug] [MainThread]: An error was encountered while trying to flush usage events
